<?xml version="1.0" encoding="UTF-8" ?>
<testsuite failures="0" time="1.164" errors="0" skipped="6" tests="92" name="org.xmlcml.cml.converters.templates.TransformTest">
  <properties>
[...]
</properties>
  <testcase time="0.012" classname="org.xmlcml.cml.converters.templates.TransformTest" name="testXPath"/>
  <testcase time="0.005" classname="org.xmlcml.cml.converters.templates.TransformTest" name="testXPath4"/>
  <testcase time="0.009" classname="org.xmlcml.cml.converters.templates.TransformTest" name="testXPath2"/>
  <testcase time="0.005" classname="org.xmlcml.cml.converters.templates.TransformTest" name="testXPath3"/>
  <testcase time="0.005" classname="org.xmlcml.cml.converters.templates.TransformTest" name="testXPath1"/>
  <testcase time="0.025" classname="org.xmlcml.cml.converters.templates.TransformTest" name="testAddChild"/>
  <testcase time="0.005" classname="org.xmlcml.cml.converters.templates.TransformTest" name="testAddLabel"/>
  <testcase time="0.012" classname="org.xmlcml.cml.converters.templates.TransformTest" name="testAddLink"/>
  <testcase time="0.004" classname="org.xmlcml.cml.converters.templates.TransformTest" name="testAddUnits"/>
  <testcase time="0.008" classname="org.xmlcml.cml.converters.templates.TransformTest" name="testCopy"/>
  <testcase time="0.007" classname="org.xmlcml.cml.converters.templates.TransformTest" name="testCopy1"/>
  <testcase time="0.005" classname="org.xmlcml.cml.converters.templates.TransformTest" name="testDelete"/>
  <testcase time="0.004" classname="org.xmlcml.cml.converters.templates.TransformTest" name="testDelete1"/>
  <testcase time="0.004" classname="org.xmlcml.cml.converters.templates.TransformTest" name="testDelete2"/>
  <testcase time="0.004" classname="org.xmlcml.cml.converters.templates.TransformTest" name="testDelete3"/>
  <testcase time="0.007" classname="org.xmlcml.cml.converters.templates.TransformTest" name="testMove"/>
  <testcase time="0.004" classname="org.xmlcml.cml.converters.templates.TransformTest" name="testMove1"/>
  <testcase time="0.004" classname="org.xmlcml.cml.converters.templates.TransformTest" name="testMove2"/>
  <testcase time="0.004" classname="org.xmlcml.cml.converters.templates.TransformTest" name="testMove3a"/>
  <testcase time="0.005" classname="org.xmlcml.cml.converters.templates.TransformTest" name="testMove3b"/>
  <testcase time="0.005" classname="org.xmlcml.cml.converters.templates.TransformTest" name="testMove3c"/>
  <testcase time="0.004" classname="org.xmlcml.cml.converters.templates.TransformTest" name="testMove3d"/>
  <testcase time="0.005" classname="org.xmlcml.cml.converters.templates.TransformTest" name="testMove3e"/>
  <testcase time="0.003" classname="org.xmlcml.cml.converters.templates.TransformTest" name="testMove4"/>
  <testcase time="0.005" classname="org.xmlcml.cml.converters.templates.TransformTest" name="testPullup"/>
  <testcase time="0.004" classname="org.xmlcml.cml.converters.templates.TransformTest" name="testPullup1"/>
  <testcase time="0.004" classname="org.xmlcml.cml.converters.templates.TransformTest" name="testRead">
    <skipped/>
  </testcase>
  <testcase time="0.004" classname="org.xmlcml.cml.converters.templates.TransformTest" name="testRename">
    <skipped/>
  </testcase>
  <testcase time="0.014" classname="org.xmlcml.cml.converters.templates.TransformTest" name="testReparse"/>
  <testcase time="0.01" classname="org.xmlcml.cml.converters.templates.TransformTest" name="testReparse1"/>
  <testcase time="0.004" classname="org.xmlcml.cml.converters.templates.TransformTest" name="testSetValue"/>
  <testcase time="0.003" classname="org.xmlcml.cml.converters.templates.TransformTest" name="testSplit"/>
  <testcase time="0.005" classname="org.xmlcml.cml.converters.templates.TransformTest" name="testSplit1"/>
  <testcase time="0.005" classname="org.xmlcml.cml.converters.templates.TransformTest" name="testWrite">
    <skipped/>
  </testcase>
  <testcase time="0.004" classname="org.xmlcml.cml.converters.templates.TransformTest" name="testAddAttribute"/>
  <testcase time="0.004" classname="org.xmlcml.cml.converters.templates.TransformTest" name="testAddAttribute1"/>
  <testcase time="0.005" classname="org.xmlcml.cml.converters.templates.TransformTest" name="testAddAttribute2"/>
  <testcase time="0.005" classname="org.xmlcml.cml.converters.templates.TransformTest" name="testAddAttribute3"/>
  <testcase time="0.002" classname="org.xmlcml.cml.converters.templates.TransformTest" name="testAddAttribute4"/>
  <testcase time="0.005" classname="org.xmlcml.cml.converters.templates.TransformTest" name="testAddChild1"/>
  <testcase time="0.005" classname="org.xmlcml.cml.converters.templates.TransformTest" name="testAddChild2"/>
  <testcase time="0.006" classname="org.xmlcml.cml.converters.templates.TransformTest" name="testAddChild3"/>
  <testcase time="0.005" classname="org.xmlcml.cml.converters.templates.TransformTest" name="testAddChild4"/>
  <testcase time="0.007" classname="org.xmlcml.cml.converters.templates.TransformTest" name="testAddChild5"/>
  <testcase time="0.004" classname="org.xmlcml.cml.converters.templates.TransformTest" name="testAddDictRef"/>
  <testcase time="0.005" classname="org.xmlcml.cml.converters.templates.TransformTest" name="testAddDictRef1"/>
  <testcase time="0.006" classname="org.xmlcml.cml.converters.templates.TransformTest" name="testAddDictRef2"/>
  <testcase time="0.007" classname="org.xmlcml.cml.converters.templates.TransformTest" name="testAddNamespace"/>
  <testcase time="0.012" classname="org.xmlcml.cml.converters.templates.TransformTest" name="testAddSibling"/>
  <testcase time="0.007" classname="org.xmlcml.cml.converters.templates.TransformTest" name="testAddSibling1"/>
  <testcase time="0.012" classname="org.xmlcml.cml.converters.templates.TransformTest" name="testAddSibling2"/>
  <testcase time="0.012" classname="org.xmlcml.cml.converters.templates.TransformTest" name="testAddSibling3"/>
  <testcase time="0.011" classname="org.xmlcml.cml.converters.templates.TransformTest" name="testAddSibling4"/>
  <testcase time="0.012" classname="org.xmlcml.cml.converters.templates.TransformTest" name="testAddSibling5"/>
  <testcase time="0.012" classname="org.xmlcml.cml.converters.templates.TransformTest" name="testAddSibling6"/>
  <testcase time="0.012" classname="org.xmlcml.cml.converters.templates.TransformTest" name="testAddSibling7"/>
  <testcase time="0.013" classname="org.xmlcml.cml.converters.templates.TransformTest" name="testAddSibling8"/>
  <testcase time="0.011" classname="org.xmlcml.cml.converters.templates.TransformTest" name="testAddSibling9"/>
  <testcase time="0.013" classname="org.xmlcml.cml.converters.templates.TransformTest" name="testAddSibling10"/>
  <testcase time="0.01" classname="org.xmlcml.cml.converters.templates.TransformTest" name="testAddUnits1"/>
  <testcase time="0.01" classname="org.xmlcml.cml.converters.templates.TransformTest" name="testCreateArray"/>
  <testcase time="0.013" classname="org.xmlcml.cml.converters.templates.TransformTest" name="testCreateArray1"/>
  <testcase time="0.006" classname="org.xmlcml.cml.converters.templates.TransformTest" name="testCreateDate"/>
  <testcase time="0.016" classname="org.xmlcml.cml.converters.templates.TransformTest" name="testCreateDate1"/>
  <testcase time="0.006" classname="org.xmlcml.cml.converters.templates.TransformTest" name="testCreateDate2"/>
  <testcase time="0.009" classname="org.xmlcml.cml.converters.templates.TransformTest" name="testCreateDouble0"/>
  <testcase time="0.009" classname="org.xmlcml.cml.converters.templates.TransformTest" name="testCreateDouble"/>
  <testcase time="0.271" classname="org.xmlcml.cml.converters.templates.TransformTest" name="testCreateFormula"/>
  <testcase time="0.007" classname="org.xmlcml.cml.converters.templates.TransformTest" name="testCreateInteger"/>
  <testcase time="0.017" classname="org.xmlcml.cml.converters.templates.TransformTest" name="testCreateMatrix33"/>
  <testcase time="0.096" classname="org.xmlcml.cml.converters.templates.TransformTest" name="testCreateMolecule"/>
  <testcase time="0.018" classname="org.xmlcml.cml.converters.templates.TransformTest" name="testCreateNameValue"/>
  <testcase time="0.007" classname="org.xmlcml.cml.converters.templates.TransformTest" name="testCreateString"/>
  <testcase time="0.014" classname="org.xmlcml.cml.converters.templates.TransformTest" name="testCreateVector3"/>
  <testcase time="0.009" classname="org.xmlcml.cml.converters.templates.TransformTest" name="testCreateWrapper"/>
  <testcase time="0.008" classname="org.xmlcml.cml.converters.templates.TransformTest" name="testCreateWrapper1"/>
  <testcase time="0.009" classname="org.xmlcml.cml.converters.templates.TransformTest" name="testCreateZMatrix">
    <skipped/>
  </testcase>
  <testcase time="0.013" classname="org.xmlcml.cml.converters.templates.TransformTest" name="testGroupSiblings"/>
  <testcase time="0.01" classname="org.xmlcml.cml.converters.templates.TransformTest" name="testGroupSiblings1"/>
  <testcase time="0.019" classname="org.xmlcml.cml.converters.templates.TransformTest" name="testJoinArrays0"/>
  <testcase time="0.015" classname="org.xmlcml.cml.converters.templates.TransformTest" name="testJoinArrays"/>
  <testcase time="0.015" classname="org.xmlcml.cml.converters.templates.TransformTest" name="testPullupSingleton">
    <skipped/>
  </testcase>
  <testcase time="0.01" classname="org.xmlcml.cml.converters.templates.TransformTest" name="testSetValue1"/>
  <testcase time="0.008" classname="org.xmlcml.cml.converters.templates.TransformTest" name="testSetValue2"/>
  <testcase time="0.008" classname="org.xmlcml.cml.converters.templates.TransformTest" name="testSetValue3"/>
  <testcase time="0.017" classname="org.xmlcml.cml.converters.templates.TransformTest" name="testSplitCols1"/>
  <testcase time="0.01" classname="org.xmlcml.cml.converters.templates.TransformTest" name="testSplitCols2"/>
  <testcase time="0.008" classname="org.xmlcml.cml.converters.templates.TransformTest" name="testSplitCols3"/>
  <testcase time="0.01" classname="org.xmlcml.cml.converters.templates.TransformTest" name="testSplitCols6"/>
  <testcase time="0.006" classname="org.xmlcml.cml.converters.templates.TransformTest" name="testSplitColsBad"/>
  <testcase time="0.013" classname="org.xmlcml.cml.converters.templates.TransformTest" name="testSplitColsDictRef"/>
  <testcase time="0.013" classname="org.xmlcml.cml.converters.templates.TransformTest" name="testWrapWithProperty">
    <skipped/>
  </testcase>
</testsuite>