<?xml version="1.0" encoding="UTF-8" ?>
<testsuite failures="0" time="0.243" errors="0" skipped="15" tests="58" name="org.xmlcml.cml.converters.templates.output.field.SimpleFortranFormatTest">
  <properties>
[...]
</properties>
  <testcase time="0.016" classname="org.xmlcml.cml.converters.templates.output.field.SimpleFortranFormatTest" name="testGetIntegerFieldMultiplier"/>
  <testcase time="0.003" classname="org.xmlcml.cml.converters.templates.output.field.SimpleFortranFormatTest" name="testGetIntegerFieldMultiplier2"/>
  <testcase time="0.003" classname="org.xmlcml.cml.converters.templates.output.field.SimpleFortranFormatTest" name="testGetFloatFieldsMultiplier2"/>
  <testcase time="0.005" classname="org.xmlcml.cml.converters.templates.output.field.SimpleFortranFormatTest" name="testNestedWithNamesAndNamesFields"/>
  <testcase time="0.006" classname="org.xmlcml.cml.converters.templates.output.field.SimpleFortranFormatTest" name="testNestedWithNamesAndNamesFieldsInContext"/>
  <testcase time="0.006" classname="org.xmlcml.cml.converters.templates.output.field.SimpleFortranFormatTest" name="testJumboReaderScalarsAndArrays">
    <skipped/>
  </testcase>
  <testcase time="0.007" classname="org.xmlcml.cml.converters.templates.output.field.SimpleFortranFormatTest" name="testJumboReaderScalarsAndArrays2">
    <skipped/>
  </testcase>
  <testcase time="0.003" classname="org.xmlcml.cml.converters.templates.output.field.SimpleFortranFormatTest" name="testSimpleFortranFormat"/>
  <testcase time="0.003" classname="org.xmlcml.cml.converters.templates.output.field.SimpleFortranFormatTest" name="testReplaceAlpha"/>
  <testcase time="0.004" classname="org.xmlcml.cml.converters.templates.output.field.SimpleFortranFormatTest" name="testReplaceAlpha1"/>
  <testcase time="0.003" classname="org.xmlcml.cml.converters.templates.output.field.SimpleFortranFormatTest" name="testReplaceAlpha2"/>
  <testcase time="0.003" classname="org.xmlcml.cml.converters.templates.output.field.SimpleFortranFormatTest" name="testReplaceAlpha3"/>
  <testcase time="0.001" classname="org.xmlcml.cml.converters.templates.output.field.SimpleFortranFormatTest" name="testUnbalancedApos1"/>
  <testcase time="0" classname="org.xmlcml.cml.converters.templates.output.field.SimpleFortranFormatTest" name="testUnbalancedApos2"/>
  <testcase time="0.002" classname="org.xmlcml.cml.converters.templates.output.field.SimpleFortranFormatTest" name="testGetIntegerField"/>
  <testcase time="0.002" classname="org.xmlcml.cml.converters.templates.output.field.SimpleFortranFormatTest" name="testGetFloatFields"/>
  <testcase time="0.003" classname="org.xmlcml.cml.converters.templates.output.field.SimpleFortranFormatTest" name="testGetFloatFields1"/>
  <testcase time="0.003" classname="org.xmlcml.cml.converters.templates.output.field.SimpleFortranFormatTest" name="testGetFloatFieldsMultiplier"/>
  <testcase time="0.002" classname="org.xmlcml.cml.converters.templates.output.field.SimpleFortranFormatTest" name="testGetMultipleIntegers"/>
  <testcase time="0.002" classname="org.xmlcml.cml.converters.templates.output.field.SimpleFortranFormatTest" name="testSpaceString"/>
  <testcase time="0.003" classname="org.xmlcml.cml.converters.templates.output.field.SimpleFortranFormatTest" name="testSpaceString1"/>
  <testcase time="0.004" classname="org.xmlcml.cml.converters.templates.output.field.SimpleFortranFormatTest" name="testGetMultipleFields"/>
  <testcase time="0.004" classname="org.xmlcml.cml.converters.templates.output.field.SimpleFortranFormatTest" name="testDataStructures1"/>
  <testcase time="0.009" classname="org.xmlcml.cml.converters.templates.output.field.SimpleFortranFormatTest" name="testRepeatNestedWithNamesAndNamesFieldsInContext"/>
  <testcase time="0.006" classname="org.xmlcml.cml.converters.templates.output.field.SimpleFortranFormatTest" name="testRecursiveNestedWithNamesAndNamesFieldsInContext"/>
  <testcase time="0.002" classname="org.xmlcml.cml.converters.templates.output.field.SimpleFortranFormatTest" name="testAlpha"/>
  <testcase time="0.001" classname="org.xmlcml.cml.converters.templates.output.field.SimpleFortranFormatTest" name="testName"/>
  <testcase time="0.002" classname="org.xmlcml.cml.converters.templates.output.field.SimpleFortranFormatTest" name="testNames"/>
  <testcase time="0.003" classname="org.xmlcml.cml.converters.templates.output.field.SimpleFortranFormatTest" name="testNames1"/>
  <testcase time="0.004" classname="org.xmlcml.cml.converters.templates.output.field.SimpleFortranFormatTest" name="testNested"/>
  <testcase time="0.002" classname="org.xmlcml.cml.converters.templates.output.field.SimpleFortranFormatTest" name="testNested1"/>
  <testcase time="0.004" classname="org.xmlcml.cml.converters.templates.output.field.SimpleFortranFormatTest" name="testNested2"/>
  <testcase time="0.004" classname="org.xmlcml.cml.converters.templates.output.field.SimpleFortranFormatTest" name="testNested3"/>
  <testcase time="0.006" classname="org.xmlcml.cml.converters.templates.output.field.SimpleFortranFormatTest" name="testNested4"/>
  <testcase time="0.007" classname="org.xmlcml.cml.converters.templates.output.field.SimpleFortranFormatTest" name="testNested5"/>
  <testcase time="0.005" classname="org.xmlcml.cml.converters.templates.output.field.SimpleFortranFormatTest" name="testNested6"/>
  <testcase time="0.003" classname="org.xmlcml.cml.converters.templates.output.field.SimpleFortranFormatTest" name="testNestedWithNames"/>
  <testcase time="0.01" classname="org.xmlcml.cml.converters.templates.output.field.SimpleFortranFormatTest" name="testRepeatNestedWithoutNames"/>
  <testcase time="0.003" classname="org.xmlcml.cml.converters.templates.output.field.SimpleFortranFormatTest" name="testCheckFlag1"/>
  <testcase time="0.003" classname="org.xmlcml.cml.converters.templates.output.field.SimpleFortranFormatTest" name="testCheckFlag2"/>
  <testcase time="0.002" classname="org.xmlcml.cml.converters.templates.output.field.SimpleFortranFormatTest" name="testCheckFlag3"/>
  <testcase time="0.003" classname="org.xmlcml.cml.converters.templates.output.field.SimpleFortranFormatTest" name="testCheckFlag4"/>
  <testcase time="0.004" classname="org.xmlcml.cml.converters.templates.output.field.SimpleFortranFormatTest" name="testCheckFlag5"/>
  <testcase time="0.003" classname="org.xmlcml.cml.converters.templates.output.field.SimpleFortranFormatTest" name="testCheckFlag6"/>
  <testcase time="0.005" classname="org.xmlcml.cml.converters.templates.output.field.SimpleFortranFormatTest" name="testCheckFlag9"/>
  <testcase time="0.006" classname="org.xmlcml.cml.converters.templates.output.field.SimpleFortranFormatTest" name="testJumboReaderInteger">
    <skipped/>
  </testcase>
  <testcase time="0.006" classname="org.xmlcml.cml.converters.templates.output.field.SimpleFortranFormatTest" name="testJumboReaderDouble">
    <skipped/>
  </testcase>
  <testcase time="0.007" classname="org.xmlcml.cml.converters.templates.output.field.SimpleFortranFormatTest" name="testJumboReaderString">
    <skipped/>
  </testcase>
  <testcase time="0.008" classname="org.xmlcml.cml.converters.templates.output.field.SimpleFortranFormatTest" name="testJumboReaderScalars">
    <skipped/>
  </testcase>
  <testcase time="0.008" classname="org.xmlcml.cml.converters.templates.output.field.SimpleFortranFormatTest" name="testJumboReaderScalars2">
    <skipped/>
  </testcase>
  <testcase time="0.009" classname="org.xmlcml.cml.converters.templates.output.field.SimpleFortranFormatTest" name="testJumboReaderArrays">
    <skipped/>
  </testcase>
  <testcase time="0.009" classname="org.xmlcml.cml.converters.templates.output.field.SimpleFortranFormatTest" name="testJumboReaderArraysShort">
    <skipped/>
  </testcase>
  <testcase time="0.009" classname="org.xmlcml.cml.converters.templates.output.field.SimpleFortranFormatTest" name="testReadCheckFlag1">
    <skipped/>
  </testcase>
  <testcase time="0.009" classname="org.xmlcml.cml.converters.templates.output.field.SimpleFortranFormatTest" name="testReadCheckFlag1a">
    <skipped/>
  </testcase>
  <testcase time="0.01" classname="org.xmlcml.cml.converters.templates.output.field.SimpleFortranFormatTest" name="testReadCheckFlag2">
    <skipped/>
  </testcase>
  <testcase time="0.01" classname="org.xmlcml.cml.converters.templates.output.field.SimpleFortranFormatTest" name="testReadCheckFlag2b">
    <skipped/>
  </testcase>
  <testcase time="0.01" classname="org.xmlcml.cml.converters.templates.output.field.SimpleFortranFormatTest" name="testReadCheckFlag3a">
    <skipped/>
  </testcase>
  <testcase time="0.011" classname="org.xmlcml.cml.converters.templates.output.field.SimpleFortranFormatTest" name="testReadCheckFlag3b">
    <skipped/>
  </testcase>
</testsuite>